<?xml version="1.0" encoding="UTF-8"?>
<testsuites name="Test Suite Lowongan" time="30.064" tests="2" failures="0" errors="0">
   <testsuite name="Test Suite Lowongan" tests="2" failures="0" errors="0" time="30.064" skipped="0" timestamp="16-05-2024T17:04:07" hostname="Lenovo - LAPTOP-QQTAGNCG" id="Test Suites/Test Suite Lowongan">
      <properties>
         <property name="deviceName" value=""/>
         <property name="devicePlatform" value=""/>
         <property name="logFolder" value="C:\\Users\\Lenovo\\git\\Belajar_Katalon\\Reports\\20240516_170359\\Test Suite Lowongan\\20240516_170400"/>
         <property name="logFiles" value="C:\\Users\\Lenovo\\git\\Belajar_Katalon\\Reports\\20240516_170359\\Test Suite Lowongan\\20240516_170400\\execution0.log"/>
         <property name="attachments" value=""/>
         <property name="hostName" value="Lenovo - LAPTOP-QQTAGNCG"/>
         <property name="os" value="Windows 11 64bit"/>
         <property name="katalonVersion" value="9.4.0.212"/>
         <property name="browser" value="Chrome 124.0.0.0"/>
         <property name="hostAddress" value="192.168.157.8"/>
         <property name="sessionId" value="0628969d781a0c6c065b2110ae92038f"/>
         <property name="seleniumVersion" value="3.141.59"/>
         <property name="proxyInformation" value="ProxyInformation { proxyOption=NO_PROXY, proxyServerType=HTTP, username=, password=********, proxyServerAddress=, proxyServerPort=0, executionList=&quot;&quot;, isApplyToDesiredCapabilities=true }"/>
         <property name="platform" value="Windows 11"/>
      </properties>
      <testcase name="Test Cases/Test Case Detail Lowongan" time="13.962" classname="Test Cases/Test Case Detail Lowongan" status="PASSED">
         <system-out><![CDATA[16-05-2024T17:04:08 - [TEST_CASE][PASSED] - Test Cases/Test Case Detail Lowongan: Test Cases/Test Case Detail Lowongan

16-05-2024T17:04:08 - [TEST_STEP][PASSED] - openBrowser(""): Browser is opened with url: ''

16-05-2024T17:04:08 - [MESSAGE][INFO] - Starting 'Chrome' driver

16-05-2024T17:04:08 - [MESSAGE][INFO] - Action delay is set to 0 milliseconds

16-05-2024T17:04:09 - [MESSAGE][PASSED] - Browser is opened with url: ''

16-05-2024T17:04:09 - [TEST_STEP][PASSED] - navigateToUrl("https://intermoni.my.id/"): Navigate to 'https://intermoni.my.id/' successfully

16-05-2024T17:04:10 - [MESSAGE][PASSED] - Navigate to 'https://intermoni.my.id/' successfully

16-05-2024T17:04:10 - [TEST_STEP][PASSED] - click(findTestObject("Object Repository/Page_Intern Monitoring/a_Sign In")): Object: 'Object Repository/Page_Intern Monitoring/a_Sign In' is clicked on

16-05-2024T17:04:13 - [MESSAGE][PASSED] - Object: 'Object Repository/Page_Intern Monitoring/a_Sign In' is clicked on

16-05-2024T17:04:13 - [TEST_STEP][PASSED] - setText(findTestObject("Object Repository/Page_Intern Monitoring/input_Email_email"), "dimasmhs@gmail.com"): Text 'dimasmhs@gmail.com' is set on object 'Object Repository/Page_Intern Monitoring/input_Email_email'

16-05-2024T17:04:13 - [MESSAGE][PASSED] - Text 'dimasmhs@gmail.com' is set on object 'Object Repository/Page_Intern Monitoring/input_Email_email'

16-05-2024T17:04:13 - [TEST_STEP][PASSED] - click(findTestObject("Object Repository/Page_Intern Monitoring/div_Email                                  _8a7a42")): Object: 'Object Repository/Page_Intern Monitoring/div_Email                                  _8a7a42' is clicked on

16-05-2024T17:04:14 - [MESSAGE][PASSED] - Object: 'Object Repository/Page_Intern Monitoring/div_Email                                  _8a7a42' is clicked on

16-05-2024T17:04:14 - [TEST_STEP][PASSED] - setEncryptedText(findTestObject("Object Repository/Page_Intern Monitoring/input_Password_hs-toggle-password"), "STHXi5z88sQjYwmfOpsi7g=="): Text ****** has been set on object 'Object Repository/Page_Intern Monitoring/input_Password_hs-toggle-password'

16-05-2024T17:04:14 - [MESSAGE][PASSED] - Text ****** has been set on object 'Object Repository/Page_Intern Monitoring/input_Password_hs-toggle-password'

16-05-2024T17:04:14 - [TEST_STEP][PASSED] - click(findTestObject("Object Repository/Page_Intern Monitoring/button_Sign in")): Object: 'Object Repository/Page_Intern Monitoring/button_Sign in' is clicked on

16-05-2024T17:04:14 - [MESSAGE][PASSED] - Object: 'Object Repository/Page_Intern Monitoring/button_Sign in' is clicked on

16-05-2024T17:04:14 - [TEST_STEP][PASSED] - click(findTestObject("Object Repository/Page_Intern Monitoring/button_OK")): Object: 'Object Repository/Page_Intern Monitoring/button_OK' is clicked on

16-05-2024T17:04:19 - [MESSAGE][PASSED] - Object: 'Object Repository/Page_Intern Monitoring/button_OK' is clicked on

16-05-2024T17:04:19 - [TEST_STEP][PASSED] - click(findTestObject("Object Repository/Page_Intern Monitoring/a_Cari Internship")): Object: 'Object Repository/Page_Intern Monitoring/a_Cari Internship' is clicked on

16-05-2024T17:04:20 - [MESSAGE][PASSED] - Object: 'Object Repository/Page_Intern Monitoring/a_Cari Internship' is clicked on

16-05-2024T17:04:20 - [TEST_STEP][PASSED] - click(findTestObject("Object Repository/Page_Intern Monitoring/a_Detail")): Object: 'Object Repository/Page_Intern Monitoring/a_Detail' is clicked on

16-05-2024T17:04:21 - [MESSAGE][PASSED] - Object: 'Object Repository/Page_Intern Monitoring/a_Detail' is clicked on]]></system-out>
         <system-err><![CDATA[]]></system-err>
      </testcase>
      <testcase name="Test Cases/Test Case Apply Lowongan" time="15.864" classname="Test Cases/Test Case Apply Lowongan" status="PASSED">
         <system-out><![CDATA[16-05-2024T17:04:21 - [TEST_CASE][PASSED] - Test Cases/Test Case Apply Lowongan: Test Cases/Test Case Apply Lowongan

16-05-2024T17:04:22 - [TEST_STEP][PASSED] - openBrowser(""): Browser is opened with url: ''

16-05-2024T17:04:22 - [MESSAGE][WARNING] - A browser is already opened. Closing browser and opening a new one

16-05-2024T17:04:22 - [MESSAGE][INFO] - Starting 'Chrome' driver

16-05-2024T17:04:22 - [MESSAGE][INFO] - Action delay is set to 0 milliseconds

16-05-2024T17:04:23 - [MESSAGE][PASSED] - Browser is opened with url: ''

16-05-2024T17:04:23 - [TEST_STEP][PASSED] - navigateToUrl("https://intermoni.my.id/"): Navigate to 'https://intermoni.my.id/' successfully

16-05-2024T17:04:24 - [MESSAGE][PASSED] - Navigate to 'https://intermoni.my.id/' successfully

16-05-2024T17:04:24 - [TEST_STEP][PASSED] - click(findTestObject("Object Repository/Page_Intern Monitoring/a_Sign In")): Object: 'Object Repository/Page_Intern Monitoring/a_Sign In' is clicked on

16-05-2024T17:04:25 - [MESSAGE][PASSED] - Object: 'Object Repository/Page_Intern Monitoring/a_Sign In' is clicked on

16-05-2024T17:04:25 - [TEST_STEP][PASSED] - setText(findTestObject("Object Repository/Page_Intern Monitoring/input_Email_email"), "dimasmhs@gmail.com"): Text 'dimasmhs@gmail.com' is set on object 'Object Repository/Page_Intern Monitoring/input_Email_email'

16-05-2024T17:04:26 - [MESSAGE][PASSED] - Text 'dimasmhs@gmail.com' is set on object 'Object Repository/Page_Intern Monitoring/input_Email_email'

16-05-2024T17:04:26 - [TEST_STEP][PASSED] - setEncryptedText(findTestObject("Object Repository/Page_Intern Monitoring/input_Password_hs-toggle-password"), "STHXi5z88sQjYwmfOpsi7g=="): Text ****** has been set on object 'Object Repository/Page_Intern Monitoring/input_Password_hs-toggle-password'

16-05-2024T17:04:26 - [MESSAGE][PASSED] - Text ****** has been set on object 'Object Repository/Page_Intern Monitoring/input_Password_hs-toggle-password'

16-05-2024T17:04:26 - [TEST_STEP][PASSED] - click(findTestObject("Object Repository/Page_Intern Monitoring/button_Sign in")): Object: 'Object Repository/Page_Intern Monitoring/button_Sign in' is clicked on

16-05-2024T17:04:27 - [MESSAGE][PASSED] - Object: 'Object Repository/Page_Intern Monitoring/button_Sign in' is clicked on

16-05-2024T17:04:27 - [TEST_STEP][PASSED] - click(findTestObject("Object Repository/Page_Intern Monitoring/button_OK")): Object: 'Object Repository/Page_Intern Monitoring/button_OK' is clicked on

16-05-2024T17:04:31 - [MESSAGE][PASSED] - Object: 'Object Repository/Page_Intern Monitoring/button_OK' is clicked on

16-05-2024T17:04:31 - [TEST_STEP][PASSED] - click(findTestObject("Object Repository/Page_Intern Monitoring/a_Cari Internship")): Object: 'Object Repository/Page_Intern Monitoring/a_Cari Internship' is clicked on

16-05-2024T17:04:33 - [MESSAGE][PASSED] - Object: 'Object Repository/Page_Intern Monitoring/a_Cari Internship' is clicked on

16-05-2024T17:04:33 - [TEST_STEP][PASSED] - click(findTestObject("Object Repository/Page_Intern Monitoring/a_Detail")): Object: 'Object Repository/Page_Intern Monitoring/a_Detail' is clicked on

16-05-2024T17:04:34 - [MESSAGE][PASSED] - Object: 'Object Repository/Page_Intern Monitoring/a_Detail' is clicked on

16-05-2024T17:04:34 - [TEST_STEP][PASSED] - click(findTestObject("Object Repository/Page_Intern Monitoring/button_Apply")): Object: 'Object Repository/Page_Intern Monitoring/button_Apply' is clicked on

16-05-2024T17:04:35 - [MESSAGE][PASSED] - Object: 'Object Repository/Page_Intern Monitoring/button_Apply' is clicked on

16-05-2024T17:04:35 - [TEST_STEP][PASSED] - click(findTestObject("Object Repository/Page_Intern Monitoring/button_Ya, Apply")): Object: 'Object Repository/Page_Intern Monitoring/button_Ya, Apply' is clicked on

16-05-2024T17:04:36 - [MESSAGE][PASSED] - Object: 'Object Repository/Page_Intern Monitoring/button_Ya, Apply' is clicked on

16-05-2024T17:04:36 - [TEST_STEP][PASSED] - click(findTestObject("Object Repository/Page_Intern Monitoring/button_OK")): Object: 'Object Repository/Page_Intern Monitoring/button_OK' is clicked on

16-05-2024T17:04:37 - [MESSAGE][PASSED] - Object: 'Object Repository/Page_Intern Monitoring/button_OK' is clicked on

16-05-2024T17:04:37 - [TEST_STEP][PASSED] - closeBrowser(): Browser is closed

16-05-2024T17:04:37 - [MESSAGE][PASSED] - Browser is closed]]></system-out>
         <system-err><![CDATA[]]></system-err>
      </testcase>
      <system-out><![CDATA[16-05-2024T17:04:07 - [TEST_SUITE][PASSED] - Test Suite Lowongan: Test Cases/Test Case Apply Lowongan]]></system-out>
      <system-err><![CDATA[]]></system-err>
   </testsuite>
</testsuites>
